<?xml version="1.0" encoding="UTF-8"?>
<testsuite name="ProteinTranslatorTest" tests="31" skipped="0" failures="0" errors="0" timestamp="2024-11-17T03:46:48" hostname="DESKTOP-FR57KQ4" time="0.106">
  <properties/>
  <testcase name="testTryptophanRnaSequence1()" classname="ProteinTranslatorTest" time="0.045"/>
  <testcase name="testTranslationOfRnaToProteinList()" classname="ProteinTranslatorTest" time="0.001"/>
  <testcase name="testSequenceOfTwoProteinCodonsTranslatesIntoProteins()" classname="ProteinTranslatorTest" time="0.001"/>
  <testcase name="testMethionineRnaSequence()" classname="ProteinTranslatorTest" time="0.001"/>
  <testcase name="testSequenceOfTwoNonStopCodonsDoNotTranslateToAStopCodon()" classname="ProteinTranslatorTest" time="0.001"/>
  <testcase name="testTranslationStopsIfStopCodonInMiddle1()" classname="ProteinTranslatorTest" time="0.001"/>
  <testcase name="testTranslationStopsIfStopCodonInMiddle2()" classname="ProteinTranslatorTest" time="0.0"/>
  <testcase name="testEmptyRnaSequenceResultInNoproteins()" classname="ProteinTranslatorTest" time="0.002"/>
  <testcase name="testSequenceOfTwoDifferentProteinCodonsTranslatesIntoProteins()" classname="ProteinTranslatorTest" time="0.001"/>
  <testcase name="testTyrosineRnaSequence1()" classname="ProteinTranslatorTest" time="0.001"/>
  <testcase name="testTyrosineRnaSequence2()" classname="ProteinTranslatorTest" time="0.001"/>
  <testcase name="testNonExistingCodonCantTranslate()" classname="ProteinTranslatorTest" time="0.006"/>
  <testcase name="testIncompleteRnaSequenceCanTranslateIfValidUntilAStopCodon()" classname="ProteinTranslatorTest" time="0.001"/>
  <testcase name="testTranslationStopsIfStopCodonAtEnd1()" classname="ProteinTranslatorTest" time="0.001"/>
  <testcase name="testTranslationStopsIfStopCodonAtEnd2()" classname="ProteinTranslatorTest" time="0.001"/>
  <testcase name="testLeucineRnaSequence1()" classname="ProteinTranslatorTest" time="0.001"/>
  <testcase name="testLeucineRnaSequence2()" classname="ProteinTranslatorTest" time="0.0"/>
  <testcase name="testStopRnaSequence1()" classname="ProteinTranslatorTest" time="0.0"/>
  <testcase name="testStopRnaSequence2()" classname="ProteinTranslatorTest" time="0.001"/>
  <testcase name="testStopRnaSequence3()" classname="ProteinTranslatorTest" time="0.001"/>
  <testcase name="testPhenylalanineRnaSequence1()" classname="ProteinTranslatorTest" time="0.002"/>
  <testcase name="testPhenylalanineRnaSequence2()" classname="ProteinTranslatorTest" time="0.001"/>
  <testcase name="testUnknownAminoAcidsNotPartOfACodonCantTranslate()" classname="ProteinTranslatorTest" time="0.001"/>
  <testcase name="testSerineRnaSequence1()" classname="ProteinTranslatorTest" time="0.001"/>
  <testcase name="testSerineRnaSequence2()" classname="ProteinTranslatorTest" time="0.001"/>
  <testcase name="testSerineRnaSequence3()" classname="ProteinTranslatorTest" time="0.001"/>
  <testcase name="testSerineRnaSequence4()" classname="ProteinTranslatorTest" time="0.001"/>
  <testcase name="testTranslationStopsIfStopCodonAtBeginning()" classname="ProteinTranslatorTest" time="0.001"/>
  <testcase name="testIncompleteRnaSequenceCantTranslate()" classname="ProteinTranslatorTest" time="0.001"/>
  <testcase name="testCysteineRnaSequence1()" classname="ProteinTranslatorTest" time="0.001"/>
  <testcase name="testCysteineRnaSequence2()" classname="ProteinTranslatorTest" time="0.001"/>
  <system-out><![CDATA[[Tryptophan]
[Methionine, Phenylalanine, Tryptophan]
[Phenylalanine, Phenylalanine]
[Methionine]
[Methionine, Methionine]
[Tryptophan]
[Tryptophan, Cysteine, Tyrosine]
[]
[Leucine, Leucine]
[Tyrosine]
[Tyrosine]
[Phenylalanine, Phenylalanine]
[Tryptophan]
[Methionine, Phenylalanine]
[Leucine]
[Leucine]
[]
[]
[]
[Phenylalanine]
[Phenylalanine]
[Serine]
[Serine]
[Serine]
[Serine]
[]
[Cysteine]
[Cysteine]
]]></system-out>
  <system-err><![CDATA[]]></system-err>
</testsuite>
