<?xml version="1.0" encoding="UTF-8"?>
<testsuite name="CollatzCalculatorTest" tests="6" skipped="0" failures="0" errors="0" timestamp="2024-12-06T21:24:57" hostname="DESKTOP-FR57KQ4" time="0.059">
  <properties/>
  <testcase name="testCorrectNumberOfStepsWhenBothStepTypesAreNeeded()" classname="CollatzCalculatorTest" time="0.042"/>
  <testcase name="testAVeryLargeInput()" classname="CollatzCalculatorTest" time="0.001"/>
  <testcase name="testZeroIsConsideredInvalidInput()" classname="CollatzCalculatorTest" time="0.006"/>
  <testcase name="testCorrectNumberOfStepsWhenAllStepsAreDivisions()" classname="CollatzCalculatorTest" time="0.001"/>
  <testcase name="testZeroStepsRequiredWhenStartingFrom1()" classname="CollatzCalculatorTest" time="0.001"/>
  <testcase name="testNegativeIntegerIsConsideredInvalidInput()" classname="CollatzCalculatorTest" time="0.001"/>
  <system-out><![CDATA[]]></system-out>
  <system-err><![CDATA[]]></system-err>
</testsuite>
