<?xml version="1.0" encoding="UTF-8"?>
<testsuite name="HandshakeCalculatorTest" tests="14" skipped="0" failures="0" errors="0" timestamp="2024-11-18T16:13:02" hostname="DESKTOP-FR57KQ4" time="0.083">
  <properties/>
  <testcase name="testReversingASingleActionYieldsTheSameAction()" classname="HandshakeCalculatorTest" time="0.055"/>
  <testcase name="testThatInput1YieldsAWink()" classname="HandshakeCalculatorTest" time="0.001"/>
  <testcase name="testReversingNoActionsYieldsNoActions()" classname="HandshakeCalculatorTest" time="0.004"/>
  <testcase name="testThatInput8YieldsAJump()" classname="HandshakeCalculatorTest" time="0.002"/>
  <testcase name="testThatHandlesMoreThanFiveBinaryPlacesWithoutReversal()" classname="HandshakeCalculatorTest" time="0.0"/>
  <testcase name="testThatInput4YieldsACloseYourEyes()" classname="HandshakeCalculatorTest" time="0.0"/>
  <testcase name="testInputThatYieldsAllActions()" classname="HandshakeCalculatorTest" time="0.0"/>
  <testcase name="testThatInput2YieldsADoubleBlink()" classname="HandshakeCalculatorTest" time="0.0"/>
  <testcase name="testInputThatYieldsAllActionsReversed()" classname="HandshakeCalculatorTest" time="0.0"/>
  <testcase name="testAnInputThatYieldsTwoReversedActions()" classname="HandshakeCalculatorTest" time="0.001"/>
  <testcase name="testAnInputThatYieldsTwoActions()" classname="HandshakeCalculatorTest" time="0.0"/>
  <testcase name="testThatHandlesMoreThanFiveBinaryPlacesWithReversal()" classname="HandshakeCalculatorTest" time="0.002"/>
  <testcase name="testThatInput0YieldsNoActions()" classname="HandshakeCalculatorTest" time="0.001"/>
  <testcase name="testInputThatYieldsAllActionsFromMoreThanFiveBinaryPlaces()" classname="HandshakeCalculatorTest" time="0.001"/>
  <system-out><![CDATA[[JUMP]
[WINK]
[]
[JUMP]
[WINK, DOUBLE_BLINK]
[CLOSE_YOUR_EYES]
[WINK, DOUBLE_BLINK, CLOSE_YOUR_EYES, JUMP]
[DOUBLE_BLINK]
[JUMP, CLOSE_YOUR_EYES, DOUBLE_BLINK, WINK]
[DOUBLE_BLINK, WINK]
[WINK, DOUBLE_BLINK]
[DOUBLE_BLINK, WINK]
[]
[WINK, DOUBLE_BLINK, CLOSE_YOUR_EYES, JUMP]
]]></system-out>
  <system-err><![CDATA[]]></system-err>
</testsuite>
