<?xml version="1.0" encoding="UTF-8"?>
<testsuite name="SayTest" tests="24" skipped="0" failures="0" errors="0" timestamp="2024-11-18T02:59:47" hostname="DESKTOP-FR57KQ4" time="0.102">
  <properties/>
  <testcase name="thirty()" classname="SayTest" time="0.049"/>
  <testcase name="twenty()" classname="SayTest" time="0.0"/>
  <testcase name="sixHundredFiftyFourThousandThreeHundredTwentyOne()" classname="SayTest" time="0.007"/>
  <testcase name="nineHundredNinetyNine()" classname="SayTest" time="0.001"/>
  <testcase name="twentyThreeMillionTwoThousandThreeHundredFortyFive()" classname="SayTest" time="0.005"/>
  <testcase name="nineHundredEightySevenBillionSixHundredFiftyFourThreeHundredTwentyOneThousandOneHundredTwentyThree()" classname="SayTest" time="0.001"/>
  <testcase name="oneBillion()" classname="SayTest" time="0.001"/>
  <testcase name="one()" classname="SayTest" time="0.001"/>
  <testcase name="zero()" classname="SayTest" time="0.001"/>
  <testcase name="oneMillionTwoThousandThreeHundredFortyFive()" classname="SayTest" time="0.001"/>
  <testcase name="eigth()" classname="SayTest" time="0.0"/>
  <testcase name="fiftyOneThousandTwoHundredThirtyFour()" classname="SayTest" time="0.001"/>
  <testcase name="ninetyNine()" classname="SayTest" time="0.001"/>
  <testcase name="twentyTwo()" classname="SayTest" time="0.001"/>
  <testcase name="fourteen()" classname="SayTest" time="0.005"/>
  <testcase name="billions()" classname="SayTest" time="0.001"/>
  <testcase name="oneMillion()" classname="SayTest" time="0.0"/>
  <testcase name="illegalNegativeNumber()" classname="SayTest" time="0.004"/>
  <testcase name="oneHundred()" classname="SayTest" time="0.002"/>
  <testcase name="illegalTooBigNumber()" classname="SayTest" time="0.001"/>
  <testcase name="oneHundredTwentyThree()" classname="SayTest" time="0.001"/>
  <testcase name="twoHundred()" classname="SayTest" time="0.001"/>
  <testcase name="oneThousand()" classname="SayTest" time="0.0"/>
  <testcase name="oneThousandTwoHundredThirtyFour()" classname="SayTest" time="0.001"/>
  <system-out><![CDATA[30
thirty
20
twenty
654321
six hundred fifty-four thousand three hundred twenty-one
999
nine hundred ninety-nine
23002345
twenty-three million two thousand three hundred forty-five
987654321123
nine hundred eighty-seven billion six hundred fifty-four million three hundred twenty-one thousand one hundred twenty-three
1000000000
one billion 
1
one
0
1002345
one million two thousand three hundred forty-five
8
eight
51234
fifty-one thousand two hundred thirty-four
99
ninety-nine
22
twenty-two
14
fourteen
90000000000
ninety billion 
1000000
one million 
-1
100
one hundred
1000000000000
123
one hundred twenty-three
200
two hundred
1000
one thousand 
1234
one thousand two hundred thirty-four
]]></system-out>
  <system-err><![CDATA[]]></system-err>
</testsuite>
