<?xml version="1.0" encoding="UTF-8"?>
<testsuite name="LargestSeriesProductCalculatorTest" tests="14" skipped="0" failures="0" errors="0" timestamp="2024-11-21T17:56:24" hostname="DESKTOP-FR57KQ4" time="0.083">
  <properties/>
  <testcase name="testCorrectlyCalculatesLargestProductOfLengthThreeWithNumbersNotInOrder()" classname="LargestSeriesProductCalculatorTest" time="0.043"/>
  <testcase name="testForIntegerOverflow()" classname="LargestSeriesProductCalculatorTest" time="0.001"/>
  <testcase name="testCorrectlyCalculatesLargestProductOfZeroIfAllDigitsAreZeroes()" classname="LargestSeriesProductCalculatorTest" time="0.002"/>
  <testcase name="testCorrectlyCalculatesLargestProductInLongStringToSearchV1()" classname="LargestSeriesProductCalculatorTest" time="0.016"/>
  <testcase name="testSeriesLengthLongerThanLengthOfStringToTestIsRejected()" classname="LargestSeriesProductCalculatorTest" time="0.003"/>
  <testcase name="testCorrectlyCalculatesLargestProductOfLengthThreeWithNumbersInOrder()" classname="LargestSeriesProductCalculatorTest" time="0.002"/>
  <testcase name="testCorrectlyCalculatesLargestProductOfZeroIfAllSeriesOfGivenLengthContainZero()" classname="LargestSeriesProductCalculatorTest" time="0.001"/>
  <testcase name="testNegativeSeriesLengthIsRejected()" classname="LargestSeriesProductCalculatorTest" time="0.001"/>
  <testcase name="testCorrectlyCalculatesLargestProductWhenSeriesLengthEqualsStringToSearchLength()" classname="LargestSeriesProductCalculatorTest" time="0.001"/>
  <testcase name="testCorrectlyCalculatesLargestProductOfLengthTwoWithNumbersInOrder()" classname="LargestSeriesProductCalculatorTest" time="0.002"/>
  <testcase name="testEmptyStringToSearchAndSeriesOfNonZeroLengthIsRejected()" classname="LargestSeriesProductCalculatorTest" time="0.001"/>
  <testcase name="testStringToSearchContainingNonDigitCharacterIsRejected()" classname="LargestSeriesProductCalculatorTest" time="0.001"/>
  <testcase name="testCorrectlyCalculatesLargestProductOfLengthFiveWithNumbersInOrder()" classname="LargestSeriesProductCalculatorTest" time="0.002"/>
  <testcase name="testCorrectlyCalculatesLargestProductOfLengthTwoWithNumbersNotInOrder()" classname="LargestSeriesProductCalculatorTest" time="0.001"/>
  <system-out><![CDATA[102
series multiplcation 1
series multiplcation 0
series multiplcation 0
027
series multiplcation 0
series multiplcation 0
series multiplcation 0
278
series multiplcation 2
series multiplcation 14
series multiplcation 112
783
series multiplcation 7
series multiplcation 56
series multiplcation 168
839
series multiplcation 8
series multiplcation 24
series multiplcation 216
395
series multiplcation 3
series multiplcation 27
series multiplcation 135
956
series multiplcation 9
series multiplcation 45
series multiplcation 270
564
series multiplcation 5
series multiplcation 30
series multiplcation 120
270
9999999999
series multiplcation 9
series multiplcation 81
series multiplcation 729
series multiplcation 6561
series multiplcation 59049
series multiplcation 531441
series multiplcation 4782969
series multiplcation 43046721
series multiplcation 387420489
series multiplcation 3486784401
3486784401
00
series multiplcation 0
series multiplcation 0
00
series multiplcation 0
series multiplcation 0
00
series multiplcation 0
series multiplcation 0
0
731671
series multiplcation 7
series multiplcation 21
series multiplcation 21
series multiplcation 126
series multiplcation 882
series multiplcation 882
316717
series multiplcation 3
series multiplcation 3
series multiplcation 18
series multiplcation 126
series multiplcation 126
series multiplcation 882
167176
series multiplcation 1
series multiplcation 6
series multiplcation 42
series multiplcation 42
series multiplcation 294
series multiplcation 1764
671765
series multiplcation 6
series multiplcation 42
series multiplcation 42
series multiplcation 294
series multiplcation 1764
series multiplcation 8820
717653
series multiplcation 7
series multiplcation 7
series multiplcation 49
series multiplcation 294
series multiplcation 1470
series multiplcation 4410
176531
series multiplcation 1
series multiplcation 7
series multiplcation 42
series multiplcation 210
series multiplcation 630
series multiplcation 630
765313
series multiplcation 7
series multiplcation 42
series multiplcation 210
series multiplcation 630
series multiplcation 630
series multiplcation 1890
653133
series multiplcation 6
series multiplcation 30
series multiplcation 90
series multiplcation 90
series multiplcation 270
series multiplcation 810
531330
series multiplcation 5
series multiplcation 15
series multiplcation 15
series multiplcation 45
series multiplcation 135
series multiplcation 0
313306
series multiplcation 3
series multiplcation 3
series multiplcation 9
series multiplcation 27
series multiplcation 0
series multiplcation 0
133062
series multiplcation 1
series multiplcation 3
series multiplcation 9
series multiplcation 0
series multiplcation 0
series multiplcation 0
330624
series multiplcation 3
series multiplcation 9
series multiplcation 0
series multiplcation 0
series multiplcation 0
series multiplcation 0
306249
series multiplcation 3
series multiplcation 0
series multiplcation 0
series multiplcation 0
series multiplcation 0
series multiplcation 0
062491
series multiplcation 0
series multiplcation 0
series multiplcation 0
series multiplcation 0
series multiplcation 0
series multiplcation 0
624919
series multiplcation 6
series multiplcation 12
series multiplcation 48
series multiplcation 432
series multiplcation 432
series multiplcation 3888
249192
series multiplcation 2
series multiplcation 8
series multiplcation 72
series multiplcation 72
series multiplcation 648
series multiplcation 1296
491922
series multiplcation 4
series multiplcation 36
series multiplcation 36
series multiplcation 324
series multiplcation 648
series multiplcation 1296
919225
series multiplcation 9
series multiplcation 9
series multiplcation 81
series multiplcation 162
series multiplcation 324
series multiplcation 1620
192251
series multiplcation 1
series multiplcation 9
series multiplcation 18
series multiplcation 36
series multiplcation 180
series multiplcation 180
922511
series multiplcation 9
series multiplcation 18
series multiplcation 36
series multiplcation 180
series multiplcation 180
series multiplcation 180
225119
series multiplcation 2
series multiplcation 4
series multiplcation 20
series multiplcation 20
series multiplcation 20
series multiplcation 180
251196
series multiplcation 2
series multiplcation 10
series multiplcation 10
series multiplcation 10
series multiplcation 90
series multiplcation 540
511967
series multiplcation 5
series multiplcation 5
series multiplcation 5
series multiplcation 45
series multiplcation 270
series multiplcation 1890
119674
series multiplcation 1
series multiplcation 1
series multiplcation 9
series multiplcation 54
series multiplcation 378
series multiplcation 1512
196744
series multiplcation 1
series multiplcation 9
series multiplcation 54
series multiplcation 378
series multiplcation 1512
series multiplcation 6048
967442
series multiplcation 9
series multiplcation 54
series multiplcation 378
series multiplcation 1512
series multiplcation 6048
series multiplcation 12096
674426
series multiplcation 6
series multiplcation 42
series multiplcation 168
series multiplcation 672
series multiplcation 1344
series multiplcation 8064
744265
series multiplcation 7
series multiplcation 28
series multiplcation 112
series multiplcation 224
series multiplcation 1344
series multiplcation 6720
442657
series multiplcation 4
series multiplcation 16
series multiplcation 32
series multiplcation 192
series multiplcation 960
series multiplcation 6720
426574
series multiplcation 4
series multiplcation 8
series multiplcation 48
series multiplcation 240
series multiplcation 1680
series multiplcation 6720
265747
series multiplcation 2
series multiplcation 12
series multiplcation 60
series multiplcation 420
series multiplcation 1680
series multiplcation 11760
657474
series multiplcation 6
series multiplcation 30
series multiplcation 210
series multiplcation 840
series multiplcation 5880
series multiplcation 23520
574742
series multiplcation 5
series multiplcation 35
series multiplcation 140
series multiplcation 980
series multiplcation 3920
series multiplcation 7840
747423
series multiplcation 7
series multiplcation 28
series multiplcation 196
series multiplcation 784
series multiplcation 1568
series multiplcation 4704
474235
series multiplcation 4
series multiplcation 28
series multiplcation 112
series multiplcation 224
series multiplcation 672
series multiplcation 3360
742355
series multiplcation 7
series multiplcation 28
series multiplcation 56
series multiplcation 168
series multiplcation 840
series multiplcation 4200
423553
series multiplcation 4
series multiplcation 8
series multiplcation 24
series multiplcation 120
series multiplcation 600
series multiplcation 1800
235534
series multiplcation 2
series multiplcation 6
series multiplcation 30
series multiplcation 150
series multiplcation 450
series multiplcation 1800
355349
series multiplcation 3
series multiplcation 15
series multiplcation 75
series multiplcation 225
series multiplcation 900
series multiplcation 8100
553491
series multiplcation 5
series multiplcation 25
series multiplcation 75
series multiplcation 300
series multiplcation 2700
series multiplcation 2700
534919
series multiplcation 5
series multiplcation 15
series multiplcation 60
series multiplcation 540
series multiplcation 540
series multiplcation 4860
349194
series multiplcation 3
series multiplcation 12
series multiplcation 108
series multiplcation 108
series multiplcation 972
series multiplcation 3888
491949
series multiplcation 4
series multiplcation 36
series multiplcation 36
series multiplcation 324
series multiplcation 1296
series multiplcation 11664
919493
series multiplcation 9
series multiplcation 9
series multiplcation 81
series multiplcation 324
series multiplcation 2916
series multiplcation 8748
194934
series multiplcation 1
series multiplcation 9
series multiplcation 36
series multiplcation 324
series multiplcation 972
series multiplcation 3888
23520
012
series multiplcation 0
series multiplcation 0
series multiplcation 0
123
series multiplcation 1
series multiplcation 2
series multiplcation 6
234
series multiplcation 2
series multiplcation 6
series multiplcation 24
345
series multiplcation 3
series multiplcation 12
series multiplcation 60
456
series multiplcation 4
series multiplcation 20
series multiplcation 120
567
series multiplcation 5
series multiplcation 30
series multiplcation 210
678
series multiplcation 6
series multiplcation 42
series multiplcation 336
789
series multiplcation 7
series multiplcation 56
series multiplcation 504
504
990
series multiplcation 9
series multiplcation 81
series multiplcation 0
909
series multiplcation 9
series multiplcation 0
series multiplcation 0
099
series multiplcation 0
series multiplcation 0
series multiplcation 0
0
29
series multiplcation 2
series multiplcation 18
18
01
series multiplcation 0
series multiplcation 0
12
series multiplcation 1
series multiplcation 2
23
series multiplcation 2
series multiplcation 6
34
series multiplcation 3
series multiplcation 12
45
series multiplcation 4
series multiplcation 20
56
series multiplcation 5
series multiplcation 30
67
series multiplcation 6
series multiplcation 42
78
series multiplcation 7
series multiplcation 56
89
series multiplcation 8
series multiplcation 72
72
01234
series multiplcation 0
series multiplcation 0
series multiplcation 0
series multiplcation 0
series multiplcation 0
12345
series multiplcation 1
series multiplcation 2
series multiplcation 6
series multiplcation 24
series multiplcation 120
23456
series multiplcation 2
series multiplcation 6
series multiplcation 24
series multiplcation 120
series multiplcation 720
34567
series multiplcation 3
series multiplcation 12
series multiplcation 60
series multiplcation 360
series multiplcation 2520
45678
series multiplcation 4
series multiplcation 20
series multiplcation 120
series multiplcation 840
series multiplcation 6720
56789
series multiplcation 5
series multiplcation 30
series multiplcation 210
series multiplcation 1680
series multiplcation 15120
15120
57
series multiplcation 5
series multiplcation 35
76
series multiplcation 7
series multiplcation 42
68
series multiplcation 6
series multiplcation 48
80
series multiplcation 8
series multiplcation 0
02
series multiplcation 0
series multiplcation 0
21
series multiplcation 2
series multiplcation 2
14
series multiplcation 1
series multiplcation 4
43
series multiplcation 4
series multiplcation 12
48
]]></system-out>
  <system-err><![CDATA[]]></system-err>
</testsuite>
