<?xml version="1.0" encoding="UTF-8"?>
<testsuite name="IsogramCheckerTest" tests="14" skipped="0" failures="0" errors="0" timestamp="2024-11-20T18:15:20" hostname="DESKTOP-FR57KQ4" time="0.057">
  <properties/>
  <testcase name="testDuplicatedCharacterAndTwoHyphens()" classname="IsogramCheckerTest" time="0.038"/>
  <testcase name="testDuplicateEndAlphabet()" classname="IsogramCheckerTest" time="0.001"/>
  <testcase name="testIsogramWithDuplicatedHyphen()" classname="IsogramCheckerTest" time="0.002"/>
  <testcase name="testIsogramWithDuplicatedCharAfterHyphen()" classname="IsogramCheckerTest" time="0.0"/>
  <testcase name="testCaseInsensitive()" classname="IsogramCheckerTest" time="0.001"/>
  <testcase name="testLowercaseIsogram()" classname="IsogramCheckerTest" time="0.001"/>
  <testcase name="testNotIsogram()" classname="IsogramCheckerTest" time="0.0"/>
  <testcase name="testMadeUpNameThatIsAnIsogram()" classname="IsogramCheckerTest" time="0.0"/>
  <testcase name="testEmptyString()" classname="IsogramCheckerTest" time="0.0"/>
  <testcase name="testIsogramWithHyphen()" classname="IsogramCheckerTest" time="0.001"/>
  <testcase name="testDuplicateMixedCase()" classname="IsogramCheckerTest" time="0.001"/>
  <testcase name="testSameFirstAndLast()" classname="IsogramCheckerTest" time="0.001"/>
  <testcase name="testMediumLongIsogram()" classname="IsogramCheckerTest" time="0.0"/>
  <testcase name="testDuplicatedCharacterInTheMiddleIsNotIsogram()" classname="IsogramCheckerTest" time="0.0"/>
  <system-out><![CDATA[{a=1, r=1, s=1, d=1, e=1, x=1, i=1, y=1, l=1, o=1}
{a=1, r=1, s=1, g=1, i=1, m=1, o=1}
{a=1, c=1, e=1, f=1, g=1, h=1, i=1, j=1, k=1, l=1, m=1, n=1, o=1, p=1, r=1, s=1, t=1, u=1, w=1, y=1, z=1}
{=1}
{a=1, b=1, c=1, e=1, g=1, h=1, i=1, j=1, l=1, m=1, n=1, p=1, r=1, s=1, t=1, u=1, w=1, y=1}
{a=1, b=1, c=1, d=1, e=1, g=1, h=1, i=1, l=1, m=1, o=1, p=1, r=1, s=1, t=1, u=1, y=1}
]]></system-out>
  <system-err><![CDATA[]]></system-err>
</testsuite>
