<?xml version="1.0" encoding="UTF-8"?>
<testsuite name="HammingTest" tests="1" skipped="0" failures="0" errors="0" timestamp="2024-11-16T04:35:52" hostname="DESKTOP-FR57KQ4" time="0.039">
  <properties/>
  <testcase name="testDisallowRightEmptyStrand()" classname="HammingTest" time="0.039"/>
  <system-out><![CDATA[]]></system-out>
  <system-err><![CDATA[]]></system-err>
</testsuite>
