<?xml version="1.0" encoding="UTF-8"?>
<testsuite name="ResistorColorTest" tests="4" skipped="0" failures="0" errors="0" timestamp="2024-11-12T00:31:26" hostname="DESKTOP-FR57KQ4" time="0.047">
  <properties/>
  <testcase name="testWhiteColorCode()" classname="ResistorColorTest" time="0.036"/>
  <testcase name="testColors()" classname="ResistorColorTest" time="0.006"/>
  <testcase name="testBlackColorCode()" classname="ResistorColorTest" time="0.001"/>
  <testcase name="testOrangeColorCode()" classname="ResistorColorTest" time="0.001"/>
  <system-out><![CDATA[]]></system-out>
  <system-err><![CDATA[]]></system-err>
</testsuite>
