<?xml version="1.0" encoding="UTF-8"?>
<testsuite name="RnaTranscriptionTest" tests="1" skipped="0" failures="0" errors="0" timestamp="2024-11-13T00:20:07" hostname="DESKTOP-FR57KQ4" time="0.047">
  <properties/>
  <testcase name="testRnaTranscription()" classname="RnaTranscriptionTest" time="0.047"/>
  <system-out><![CDATA[U
UG
UGC
UGCA
UGCAC
UGCACC
UGCACCA
UGCACCAG
UGCACCAGA
UGCACCAGAA
UGCACCAGAAU
UGCACCAGAAUU
]]></system-out>
  <system-err><![CDATA[]]></system-err>
</testsuite>
