<?xml version="1.0" encoding="UTF-8"?>
<testsuite name="NaturalNumberTest" tests="13" skipped="0" failures="0" errors="0" timestamp="2024-11-16T15:17:12" hostname="DESKTOP-FR57KQ4" time="0.229">
  <properties/>
  <testcase name="testThatNonNegativeIntegerIsRejected()" classname="NaturalNumberTest" time="0.036"/>
  <testcase name="testSmallAbundantNumberIsClassifiedCorrectly()" classname="NaturalNumberTest" time="0.005"/>
  <testcase name="testMediumAbundantNumberIsClassifiedCorrectly()" classname="NaturalNumberTest" time="0.002"/>
  <testcase name="testLargeAbundantNumberIsClassifiedCorrectly()" classname="NaturalNumberTest" time="0.052"/>
  <testcase name="testSmallestPrimeDeficientNumberIsClassifiedCorrectly()" classname="NaturalNumberTest" time="0.001"/>
  <testcase name="testSmallestNonPrimeDeficientNumberIsClassifiedCorrectly()" classname="NaturalNumberTest" time="0.003"/>
  <testcase name="testThatOneIsCorrectlyClassifiedAsDeficient()" classname="NaturalNumberTest" time="0.001"/>
  <testcase name="testSmallPerfectNumberIsClassifiedCorrectly()" classname="NaturalNumberTest" time="0.001"/>
  <testcase name="testThatNegativeIntegerIsRejected()" classname="NaturalNumberTest" time="0.001"/>
  <testcase name="testLargePerfectNumberIsClassifiedCorrectly()" classname="NaturalNumberTest" time="0.055"/>
  <testcase name="testLargeDeficientNumberIsClassifiedCorrectly()" classname="NaturalNumberTest" time="0.055"/>
  <testcase name="testMediumDeficientNumberIsClassifiedCorrectly()" classname="NaturalNumberTest" time="0.002"/>
  <testcase name="testMediumPerfectNumberIsClassifiedCorrectly()" classname="NaturalNumberTest" time="0.001"/>
  <system-out><![CDATA[[1, 2, 3, 4, 6]
[1, 2, 3, 5, 6, 10, 15]
[1, 3, 5, 7, 9, 13, 15, 21, 27, 35, 39, 45, 63, 65, 91, 105, 117, 135, 189, 195, 273, 315, 351, 455, 585, 819, 945, 1365, 1755, 2457, 2731, 4095, 8193, 12285, 13655, 19117, 24579, 35503, 40965, 57351, 73737, 95585, 106509, 122895, 172053, 177515, 248521, 286755, 319527, 368685, 516159, 532545, 745563, 860265, 958581, 1242605, 1597635, 2236689, 2580795, 3727815, 4792905, 6710067, 11183445]
[1]
[1, 2]
[]
[1, 2, 3]
[1, 2, 4, 8, 16, 32, 64, 128, 256, 512, 1024, 2048, 4096, 8191, 16382, 32764, 65528, 131056, 262112, 524224, 1048448, 2096896, 4193792, 8387584, 16775168]
[1]
[1, 2, 4, 8, 16]
[1, 2, 4, 7, 14]
]]></system-out>
  <system-err><![CDATA[]]></system-err>
</testsuite>
