<?xml version="1.0" encoding="UTF-8"?>
<testsuite name="LuhnValidatorTest" tests="23" skipped="0" failures="0" errors="0" timestamp="2024-11-21T18:53:29" hostname="DESKTOP-FR57KQ4" time="0.071">
  <properties/>
  <testcase name="testSimpleValidSINReversedRemainsValid()" classname="LuhnValidatorTest" time="0.043"/>
  <testcase name="testValidNumberWithAnOddNumberOfSpaces()" classname="LuhnValidatorTest" time="0.0"/>
  <testcase name="testValidCanadianSINValid()" classname="LuhnValidatorTest" time="0.001"/>
  <testcase name="testMoreThanSingleZeroValid()" classname="LuhnValidatorTest" time="0.001"/>
  <testcase name="testStringContainingSymbolsInvalidJavaTrackSpecific()" classname="LuhnValidatorTest" time="0.001"/>
  <testcase name="testSimpleValidSINReversedBecomesInvalid()" classname="LuhnValidatorTest" time="0.0"/>
  <testcase name="testValidLuhnWithOddNumberOfDigitsAndNonZeroFirstDigit()" classname="LuhnValidatorTest" time="0.001"/>
  <testcase name="testVeryLongInputIsValid()" classname="LuhnValidatorTest" time="0.001"/>
  <testcase name="testSingleZeroIsInvalid()" classname="LuhnValidatorTest" time="0.001"/>
  <testcase name="testInvalidCanadianSINInvalid()" classname="LuhnValidatorTest" time="0.001"/>
  <testcase name="testStringContainingPunctuationInvalid()" classname="LuhnValidatorTest" time="0.001"/>
  <testcase name="testUsingASCIIValueForNonDoubledNonDigitNotAllowed()" classname="LuhnValidatorTest" time="0.001"/>
  <testcase name="testValidStringsWithANonDigitAtEndInvalid()" classname="LuhnValidatorTest" time="0.001"/>
  <testcase name="testValidNumberWithAnEvenNumberOfDigits()" classname="LuhnValidatorTest" time="0.0"/>
  <testcase name="testDigitNineConvertedToOutputNine()" classname="LuhnValidatorTest" time="0.001"/>
  <testcase name="testSingleSpaceWithZeroInvalid()" classname="LuhnValidatorTest" time="0.0"/>
  <testcase name="testSingleDigitStringInvalid()" classname="LuhnValidatorTest" time="0.0"/>
  <testcase name="testStringContainingSymbolsInvalid()" classname="LuhnValidatorTest" time="0.0"/>
  <testcase name="testInvalidCreditCardInvalid()" classname="LuhnValidatorTest" time="0.0"/>
  <testcase name="testUsingASCIIValueForDoubledNonDigitNotAllowed()" classname="LuhnValidatorTest" time="0.0"/>
  <testcase name="testInvalidLongNumberWithAnEvenRemainder()" classname="LuhnValidatorTest" time="0.001"/>
  <testcase name="testInvalidLongNumberWithARemainderDivisibleBy5()" classname="LuhnValidatorTest" time="0.001"/>
  <testcase name="testNonNumericNonSpaceCharInMiddleWithSumDivisibleBy10IsNotAllowed()" classname="LuhnValidatorTest" time="0.001"/>
  <system-out><![CDATA[[9, 1, 0] sum:10
[4, 6, 2, 2, 9, 7, 7, 3, 5, 8, 3, 4] sum:60
[5, 7, 2, 8, 4, 8, 5, 1, 0] sum:40
[0, 0, 0, 0, 0] sum:0
[9, 1] sum:10
[9, 0, 1] sum:10
[9, 9, 9, 9, 9, 9, 9, 9, 9, 9, 9, 9, 9, 9, 9, 9, 9, 9, 9, 9, 9, 9, 9, 9, 9, 9, 9, 9, 9, 9, 9, 9, 9, 9, 9, 9, 9, 9, 9, 9] sum:360
[6, 7, 2, 8, 4, 8, 5, 1, 0] sum:41
[8, 7, 5, 8, 2, 1, 9, 0] sum:40
[1, 9, 0] sum:10
[9, 3, 5, 0, 2, 1, 3, 5, 2, 6, 2, 2, 3, 5, 2, 7] sum:57
[2, 2, 0, 9, 8, 5, 6, 1, 4, 6, 2, 2, 9, 7, 7, 3, 5, 8, 3, 4, 1] sum:94
[3, 2, 0, 9, 8, 5, 6, 1, 4, 6, 2, 2, 9, 7, 7, 3, 5, 8, 3, 4, 1] sum:95
]]></system-out>
  <system-err><![CDATA[]]></system-err>
</testsuite>
