<?xml version="1.0" encoding="UTF-8"?>
<testsuite name="PrimeCalculatorTest" tests="5" skipped="0" failures="0" errors="0" timestamp="2024-11-22T16:29:30" hostname="DESKTOP-FR57KQ4" time="0.054">
  <properties/>
  <testcase name="testUndefinedPrime()" classname="PrimeCalculatorTest" time="0.04"/>
  <testcase name="testSixthPrime()" classname="PrimeCalculatorTest" time="0.002"/>
  <testcase name="testFirstPrime()" classname="PrimeCalculatorTest" time="0.001"/>
  <testcase name="testSecondPrime()" classname="PrimeCalculatorTest" time="0.001"/>
  <testcase name="testBigPrime()" classname="PrimeCalculatorTest" time="0.007"/>
  <system-out><![CDATA[]]></system-out>
  <system-err><![CDATA[]]></system-err>
</testsuite>
