<?xml version="1.0" encoding="UTF-8"?>
<testsuite name="GraphTest" tests="1" skipped="0" failures="0" errors="0" timestamp="2024-11-11T17:43:31" hostname="DESKTOP-FR57KQ4" time="0.04">
  <properties/>
  <testcase name="graph with attributes" classname="GraphTest" time="0.04"/>
  <system-out><![CDATA[]]></system-out>
  <system-err><![CDATA[]]></system-err>
</testsuite>
