<?xml version="1.0" encoding="UTF-8"?>
<testsuite name="MatrixTest" tests="8" skipped="0" failures="0" errors="0" timestamp="2024-11-21T20:21:21" hostname="DESKTOP-FR57KQ4" time="0.052">
  <properties/>
  <testcase name="extractRowFromOneNumberMatrixTest()" classname="MatrixTest" time="0.042"/>
  <testcase name="extractRowFromDiffWidthsMatrixTest()" classname="MatrixTest" time="0.0"/>
  <testcase name="extractColumnFromNonSquareMatrixTest()" classname="MatrixTest" time="0.002"/>
  <testcase name="extractColumnFromDiffWidthsMatrixTest()" classname="MatrixTest" time="0.0"/>
  <testcase name="extractColumnMatrixTest()" classname="MatrixTest" time="0.001"/>
  <testcase name="extractRowFromMatrixTest()" classname="MatrixTest" time="0.001"/>
  <testcase name="extractColumnFromOneNumberMatrixTest()" classname="MatrixTest" time="0.0"/>
  <testcase name="extractRowFromNonSquareMatrixTest()" classname="MatrixTest" time="0.0"/>
  <system-out><![CDATA[]]></system-out>
  <system-err><![CDATA[]]></system-err>
</testsuite>
