<?xml version="1.0" encoding="UTF-8"?>
<testsuite name="MatrixTest" tests="9" skipped="0" failures="0" errors="0" timestamp="2024-11-28T00:24:46" hostname="DESKTOP-FR57KQ4" time="0.057">
  <properties/>
  <testcase name="testCanIdentifyMultipleSaddlePointsInAColumn()" classname="MatrixTest" time="0.044"/>
  <testcase name="testCanIdentifyThatEmptyMatrixHasNoSaddlePoints()" classname="MatrixTest" time="0.0"/>
  <testcase name="testCanIdentifySaddlePointInBottomRightCorner()" classname="MatrixTest" time="0.001"/>
  <testcase name="testCanIdentifyMultipleSaddlePointsInARow()" classname="MatrixTest" time="0.001"/>
  <testcase name="testCanIdentifySaddlePointsInANonSquareMatrix()" classname="MatrixTest" time="0.001"/>
  <testcase name="testCanIdentifyThatSaddlePointsInASingleRowMatrixAreThoseWithMaximumValue()" classname="MatrixTest" time="0.001"/>
  <testcase name="testCanIdentifyLackOfSaddlePointsWhenThereAreNone()" classname="MatrixTest" time="0.001"/>
  <testcase name="testCanIdentifySingleSaddlePoint()" classname="MatrixTest" time="0.001"/>
  <testcase name="testCanIdentifyThatSaddlePointsInASingleColumnMatrixAreThoseWithMinimumValue()" classname="MatrixTest" time="0.001"/>
  <system-out><![CDATA[find max 5 in row 0
find max 5 in row 1
find max 5 in row 2
find min 1 in column 0
find min 5 in column 1
find min 4 in column 2
find max 9 in row 0
find max 7 in row 1
find max 5 in row 2
find min 3 in column 0
find min 2 in column 1
find min 5 in column 2
find max 8 in row 0
find max 5 in row 1
find max 7 in row 2
find min 5 in column 0
find min 5 in column 1
find min 5 in column 2
find max 3 in row 0
find max 4 in row 1
find min 3 in column 0
find min 1 in column 1
find min 3 in column 2
find max 5 in row 0
find min 2 in column 0
find min 5 in column 1
find min 3 in column 2
find min 5 in column 3
find max 3 in row 0
find max 3 in row 1
find max 3 in row 2
find min 1 in column 0
find min 1 in column 1
find min 1 in column 2
find max 9 in row 0
find max 5 in row 1
find max 7 in row 2
find min 5 in column 0
find min 3 in column 1
find min 2 in column 2
find max 2 in row 0
find max 1 in row 1
find max 4 in row 2
find max 1 in row 3
find min 1 in column 0
]]></system-out>
  <system-err><![CDATA[]]></system-err>
</testsuite>
